2025-07-11T13:58:15.290+05:30  INFO 6608 --- [structurax.root] [main] c.s.root.structurax.root.Application     : Starting Application using Java 22.0.1 with PID 6608 (C:\Users\Shashini Madhushika\Desktop\StructuraX-Backend\target\classes started by Shashini Madhushika in C:\Users\Shashini Madhushika\Desktop\StructuraX-Backend)
2025-07-11T13:58:15.294+05:30  INFO 6608 --- [structurax.root] [main] c.s.root.structurax.root.Application     : No active profile set, falling back to 1 default profile: "default"
2025-07-11T13:58:16.941+05:30  INFO 6608 --- [structurax.root] [main] o.s.b.w.embedded.tomcat.TomcatWebServer  : Tomcat initialized with port 8086 (http)
2025-07-11T13:58:16.959+05:30  INFO 6608 --- [structurax.root] [main] o.apache.catalina.core.StandardService   : Starting service [Tomcat]
2025-07-11T13:58:16.959+05:30  INFO 6608 --- [structurax.root] [main] o.apache.catalina.core.StandardEngine    : Starting Servlet engine: [Apache Tomcat/10.1.41]
2025-07-11T13:58:17.035+05:30  INFO 6608 --- [structurax.root] [main] o.a.c.c.C.[.[localhost].[/api/v1]        : Initializing Spring embedded WebApplicationContext
2025-07-11T13:58:17.035+05:30  INFO 6608 --- [structurax.root] [main] w.s.c.ServletWebServerApplicationContext : Root WebApplicationContext: initialization completed in 1652 ms
2025-07-11T13:58:17.859+05:30  INFO 6608 --- [structurax.root] [main] o.s.b.w.embedded.tomcat.TomcatWebServer  : Tomcat started on port 8086 (http) with context path '/api/v1'
2025-07-11T13:58:17.870+05:30  INFO 6608 --- [structurax.root] [main] c.s.root.structurax.root.Application     : Started Application in 3.516 seconds (process running for 4.087)
2025-07-11T13:58:32.271+05:30  INFO 6608 --- [structurax.root] [http-nio-8086-exec-1] o.a.c.c.C.[.[localhost].[/api/v1]        : Initializing Spring DispatcherServlet 'dispatcherServlet'
2025-07-11T13:58:32.272+05:30  INFO 6608 --- [structurax.root] [http-nio-8086-exec-1] o.s.web.servlet.DispatcherServlet        : Initializing Servlet 'dispatcherServlet'
2025-07-11T13:58:32.275+05:30  INFO 6608 --- [structurax.root] [http-nio-8086-exec-1] o.s.web.servlet.DispatcherServlet        : Completed initialization in 2 ms
2025-07-11T13:58:32.554+05:30  INFO 6608 --- [structurax.root] [http-nio-8086-exec-1] c.s.r.s.r.service.Impl.AdminServiceImpl  : Creating employee: EmployeeDTO(employeeId=null, name=John Doe, email=john.doe@company.com, phoneNumber=+1234567890, address=123 Main Street, City, State 12345, type=Senior_QS_Officer, joinedDate=2024-01-15, password=SecurePass123, availability=true)
2025-07-11T13:58:33.363+05:30  INFO 6608 --- [structurax.root] [http-nio-8086-exec-1] c.s.r.s.r.service.Impl.AdminServiceImpl  : Employee created successfully: EMP_001
2025-07-11T13:58:51.641+05:30  INFO 6608 --- [structurax.root] [http-nio-8086-exec-3] c.s.r.s.r.service.Impl.AdminServiceImpl  : Fetching all employees
2025-07-11T13:58:51.655+05:30  INFO 6608 --- [structurax.root] [http-nio-8086-exec-3] c.s.r.s.r.service.Impl.AdminServiceImpl  : Fetched 1 employees
2025-07-11T13:58:56.097+05:30  INFO 6608 --- [structurax.root] [http-nio-8086-exec-6] c.s.r.s.r.service.Impl.AdminServiceImpl  : Fetching employee by ID: EMP_001
2025-07-11T13:58:56.112+05:30  INFO 6608 --- [structurax.root] [http-nio-8086-exec-6] c.s.r.s.r.service.Impl.AdminServiceImpl  : Employee found: EMP_001
2025-07-11T13:58:59.529+05:30  INFO 6608 --- [structurax.root] [http-nio-8086-exec-4] c.s.r.s.r.service.Impl.AdminServiceImpl  : Updating employee with ID: EMP_001
2025-07-11T13:58:59.778+05:30  INFO 6608 --- [structurax.root] [http-nio-8086-exec-4] c.s.r.s.r.service.Impl.AdminServiceImpl  : Employee updated successfully: EMP_001
2025-07-11T13:59:06.541+05:30  INFO 6608 --- [structurax.root] [http-nio-8086-exec-7] c.s.r.s.r.service.Impl.AdminServiceImpl  : Deleting employee with ID: EMP_001
2025-07-11T13:59:06.574+05:30  INFO 6608 --- [structurax.root] [http-nio-8086-exec-7] c.s.r.s.r.service.Impl.AdminServiceImpl  : Employee deleted successfully: EMP_001
2025-07-11T14:01:57.218+05:30  INFO 6608 --- [structurax.root] [SpringApplicationShutdownHook] o.s.b.w.e.tomcat.GracefulShutdown        : Commencing graceful shutdown. Waiting for active requests to complete
2025-07-11T14:01:57.230+05:30  INFO 6608 --- [structurax.root] [tomcat-shutdown] o.s.b.w.e.tomcat.GracefulShutdown        : Graceful shutdown complete
2025-07-11T14:01:59.638+05:30  INFO 15292 --- [structurax.root] [main] c.s.root.structurax.root.Application     : Starting Application using Java 22.0.1 with PID 15292 (C:\Users\Shashini Madhushika\Desktop\StructuraX-Backend\target\classes started by Shashini Madhushika in C:\Users\Shashini Madhushika\Desktop\StructuraX-Backend)
2025-07-11T14:01:59.643+05:30  INFO 15292 --- [structurax.root] [main] c.s.root.structurax.root.Application     : No active profile set, falling back to 1 default profile: "default"
2025-07-11T14:02:01.179+05:30  INFO 15292 --- [structurax.root] [main] o.s.b.w.embedded.tomcat.TomcatWebServer  : Tomcat initialized with port 8086 (http)
2025-07-11T14:02:01.194+05:30  INFO 15292 --- [structurax.root] [main] o.apache.catalina.core.StandardService   : Starting service [Tomcat]
2025-07-11T14:02:01.194+05:30  INFO 15292 --- [structurax.root] [main] o.apache.catalina.core.StandardEngine    : Starting Servlet engine: [Apache Tomcat/10.1.41]
2025-07-11T14:02:01.264+05:30  INFO 15292 --- [structurax.root] [main] o.a.c.c.C.[.[localhost].[/api/v1]        : Initializing Spring embedded WebApplicationContext
2025-07-11T14:02:01.265+05:30  INFO 15292 --- [structurax.root] [main] w.s.c.ServletWebServerApplicationContext : Root WebApplicationContext: initialization completed in 1539 ms
2025-07-11T14:02:02.087+05:30  INFO 15292 --- [structurax.root] [main] o.s.b.w.embedded.tomcat.TomcatWebServer  : Tomcat started on port 8086 (http) with context path '/api/v1'
2025-07-11T14:02:02.102+05:30  INFO 15292 --- [structurax.root] [main] c.s.root.structurax.root.Application     : Started Application in 3.334 seconds (process running for 3.852)
2025-07-11T14:04:39.640+05:30  INFO 15292 --- [structurax.root] [SpringApplicationShutdownHook] o.s.b.w.e.tomcat.GracefulShutdown        : Commencing graceful shutdown. Waiting for active requests to complete
2025-07-11T14:04:39.659+05:30  INFO 15292 --- [structurax.root] [tomcat-shutdown] o.s.b.w.e.tomcat.GracefulShutdown        : Graceful shutdown complete
2025-07-11T14:04:42.076+05:30  INFO 9556 --- [structurax.root] [main] c.s.root.structurax.root.Application     : Starting Application using Java 22.0.1 with PID 9556 (C:\Users\Shashini Madhushika\Desktop\StructuraX-Backend\target\classes started by Shashini Madhushika in C:\Users\Shashini Madhushika\Desktop\StructuraX-Backend)
2025-07-11T14:04:42.081+05:30  INFO 9556 --- [structurax.root] [main] c.s.root.structurax.root.Application     : No active profile set, falling back to 1 default profile: "default"
2025-07-11T14:04:43.573+05:30  INFO 9556 --- [structurax.root] [main] o.s.b.w.embedded.tomcat.TomcatWebServer  : Tomcat initialized with port 8086 (http)
2025-07-11T14:04:43.588+05:30  INFO 9556 --- [structurax.root] [main] o.apache.catalina.core.StandardService   : Starting service [Tomcat]
2025-07-11T14:04:43.588+05:30  INFO 9556 --- [structurax.root] [main] o.apache.catalina.core.StandardEngine    : Starting Servlet engine: [Apache Tomcat/10.1.41]
2025-07-11T14:04:43.650+05:30  INFO 9556 --- [structurax.root] [main] o.a.c.c.C.[.[localhost].[/api/v1]        : Initializing Spring embedded WebApplicationContext
2025-07-11T14:04:43.650+05:30  INFO 9556 --- [structurax.root] [main] w.s.c.ServletWebServerApplicationContext : Root WebApplicationContext: initialization completed in 1473 ms
2025-07-11T14:04:44.501+05:30  INFO 9556 --- [structurax.root] [main] o.s.b.w.embedded.tomcat.TomcatWebServer  : Tomcat started on port 8086 (http) with context path '/api/v1'
2025-07-11T14:04:44.513+05:30  INFO 9556 --- [structurax.root] [main] c.s.root.structurax.root.Application     : Started Application in 3.315 seconds (process running for 3.864)
2025-07-11T14:04:44.518+05:30  INFO 9556 --- [structurax.root] [SpringApplicationShutdownHook] o.s.b.w.e.tomcat.GracefulShutdown        : Commencing graceful shutdown. Waiting for active requests to complete
2025-07-11T14:04:44.528+05:30  INFO 9556 --- [structurax.root] [tomcat-shutdown] o.s.b.w.e.tomcat.GracefulShutdown        : Graceful shutdown complete
2025-07-11T14:04:47.129+05:30  INFO 2964 --- [structurax.root] [main] c.s.root.structurax.root.Application     : Starting Application using Java 22.0.1 with PID 2964 (C:\Users\Shashini Madhushika\Desktop\StructuraX-Backend\target\classes started by Shashini Madhushika in C:\Users\Shashini Madhushika\Desktop\StructuraX-Backend)
2025-07-11T14:04:47.134+05:30  INFO 2964 --- [structurax.root] [main] c.s.root.structurax.root.Application     : No active profile set, falling back to 1 default profile: "default"
2025-07-11T14:04:49.106+05:30  INFO 2964 --- [structurax.root] [main] o.s.b.w.embedded.tomcat.TomcatWebServer  : Tomcat initialized with port 8086 (http)
2025-07-11T14:04:49.128+05:30  INFO 2964 --- [structurax.root] [main] o.apache.catalina.core.StandardService   : Starting service [Tomcat]
2025-07-11T14:04:49.129+05:30  INFO 2964 --- [structurax.root] [main] o.apache.catalina.core.StandardEngine    : Starting Servlet engine: [Apache Tomcat/10.1.41]
2025-07-11T14:04:49.215+05:30  INFO 2964 --- [structurax.root] [main] o.a.c.c.C.[.[localhost].[/api/v1]        : Initializing Spring embedded WebApplicationContext
2025-07-11T14:04:49.216+05:30  INFO 2964 --- [structurax.root] [main] w.s.c.ServletWebServerApplicationContext : Root WebApplicationContext: initialization completed in 1983 ms
2025-07-11T14:04:50.066+05:30  INFO 2964 --- [structurax.root] [main] o.s.b.w.embedded.tomcat.TomcatWebServer  : Tomcat started on port 8086 (http) with context path '/api/v1'
2025-07-11T14:04:50.075+05:30  INFO 2964 --- [structurax.root] [main] c.s.root.structurax.root.Application     : Started Application in 3.97 seconds (process running for 4.54)
2025-07-11T14:07:56.078+05:30  INFO 2964 --- [structurax.root] [SpringApplicationShutdownHook] o.s.b.w.e.tomcat.GracefulShutdown        : Commencing graceful shutdown. Waiting for active requests to complete
2025-07-11T14:07:56.111+05:30  INFO 2964 --- [structurax.root] [tomcat-shutdown] o.s.b.w.e.tomcat.GracefulShutdown        : Graceful shutdown complete
2025-07-11T14:07:59.336+05:30  INFO 1548 --- [structurax.root] [main] c.s.root.structurax.root.Application     : Starting Application using Java 22.0.1 with PID 1548 (C:\Users\Shashini Madhushika\Desktop\StructuraX-Backend\target\classes started by Shashini Madhushika in C:\Users\Shashini Madhushika\Desktop\StructuraX-Backend)
2025-07-11T14:07:59.343+05:30  INFO 1548 --- [structurax.root] [main] c.s.root.structurax.root.Application     : No active profile set, falling back to 1 default profile: "default"
2025-07-11T14:08:01.118+05:30  INFO 1548 --- [structurax.root] [main] o.s.b.w.embedded.tomcat.TomcatWebServer  : Tomcat initialized with port 8086 (http)
2025-07-11T14:08:01.135+05:30  INFO 1548 --- [structurax.root] [main] o.apache.catalina.core.StandardService   : Starting service [Tomcat]
2025-07-11T14:08:01.136+05:30  INFO 1548 --- [structurax.root] [main] o.apache.catalina.core.StandardEngine    : Starting Servlet engine: [Apache Tomcat/10.1.41]
2025-07-11T14:08:01.201+05:30  INFO 1548 --- [structurax.root] [main] o.a.c.c.C.[.[localhost].[/api/v1]        : Initializing Spring embedded WebApplicationContext
2025-07-11T14:08:01.201+05:30  INFO 1548 --- [structurax.root] [main] w.s.c.ServletWebServerApplicationContext : Root WebApplicationContext: initialization completed in 1775 ms
2025-07-11T14:08:02.231+05:30  INFO 1548 --- [structurax.root] [main] o.s.b.w.embedded.tomcat.TomcatWebServer  : Tomcat started on port 8086 (http) with context path '/api/v1'
2025-07-11T14:08:02.242+05:30  INFO 1548 --- [structurax.root] [main] c.s.root.structurax.root.Application     : Started Application in 3.849 seconds (process running for 4.461)
